<?xml version="1.0" encoding="UTF-8"?>
<coverage generated="1599834282980" clover="3.2.0">
  <project timestamp="1599834282980" name="All files">
    <metrics statements="20" coveredstatements="20" conditionals="0" coveredconditionals="0" methods="10" coveredmethods="10" elements="30" coveredelements="30" complexity="0" loc="20" ncloc="20" packages="1" files="2" classes="2"/>
    <file name="mathFour.js" path="C:\Users\shiva\Documents\AA_PROJECTS\AA_MERN\nodeJS\nodeJSRepository\mathFour.js">
      <metrics statements="10" coveredstatements="10" conditionals="0" coveredconditionals="0" methods="4" coveredmethods="4"/>
      <line num="1" count="2" type="stmt"/>
      <line num="3" count="4" type="stmt"/>
      <line num="5" count="4" type="stmt"/>
      <line num="8" count="4" type="stmt"/>
      <line num="10" count="4" type="stmt"/>
      <line num="13" count="4" type="stmt"/>
      <line num="15" count="4" type="stmt"/>
      <line num="18" count="4" type="stmt"/>
      <line num="20" count="4" type="stmt"/>
      <line num="23" count="2" type="stmt"/>
    </file>
    <file name="mathUtils.js" path="C:\Users\shiva\Documents\AA_PROJECTS\AA_MERN\nodeJS\nodeJSRepository\mathUtils.js">
      <metrics statements="10" coveredstatements="10" conditionals="0" coveredconditionals="0" methods="6" coveredmethods="6"/>
      <line num="1" count="1" type="stmt"/>
      <line num="3" count="1" type="stmt"/>
      <line num="5" count="1" type="stmt"/>
      <line num="6" count="6" type="stmt"/>
      <line num="9" count="1" type="stmt"/>
      <line num="12" count="1" type="stmt"/>
      <line num="14" count="6" type="stmt"/>
      <line num="17" count="1" type="stmt"/>
      <line num="19" count="6" type="stmt"/>
      <line num="22" count="1" type="stmt"/>
    </file>
  </project>
</coverage>
