<?xml version="1.0" encoding="UTF-8"?>
<coverage generated="1600075174271" clover="3.2.0">
  <project timestamp="1600075174272" name="All files">
    <metrics statements="26" coveredstatements="26" conditionals="0" coveredconditionals="0" methods="13" coveredmethods="13" elements="39" coveredelements="39" complexity="0" loc="26" ncloc="26" packages="1" files="3" classes="3"/>
    <file name="mathFour.js" path="C:\Users\shiva\Documents\AA_PROJECTS\AA_MERN\nodeJS\nodeJSRepository\mathFour.js">
      <metrics statements="10" coveredstatements="10" conditionals="0" coveredconditionals="0" methods="4" coveredmethods="4"/>
      <line num="1" count="2" type="stmt"/>
      <line num="3" count="4" type="stmt"/>
      <line num="5" count="4" type="stmt"/>
      <line num="8" count="4" type="stmt"/>
      <line num="10" count="4" type="stmt"/>
      <line num="13" count="4" type="stmt"/>
      <line num="15" count="4" type="stmt"/>
      <line num="18" count="4" type="stmt"/>
      <line num="20" count="4" type="stmt"/>
      <line num="23" count="2" type="stmt"/>
    </file>
    <file name="mathUtils.js" path="C:\Users\shiva\Documents\AA_PROJECTS\AA_MERN\nodeJS\nodeJSRepository\mathUtils.js">
      <metrics statements="10" coveredstatements="10" conditionals="0" coveredconditionals="0" methods="6" coveredmethods="6"/>
      <line num="1" count="2" type="stmt"/>
      <line num="3" count="2" type="stmt"/>
      <line num="5" count="2" type="stmt"/>
      <line num="6" count="12" type="stmt"/>
      <line num="9" count="2" type="stmt"/>
      <line num="12" count="2" type="stmt"/>
      <line num="14" count="12" type="stmt"/>
      <line num="17" count="2" type="stmt"/>
      <line num="19" count="12" type="stmt"/>
      <line num="22" count="2" type="stmt"/>
    </file>
    <file name="stringUtils.js" path="C:\Users\shiva\Documents\AA_PROJECTS\AA_MERN\nodeJS\nodeJSRepository\stringUtils.js">
      <metrics statements="6" coveredstatements="6" conditionals="0" coveredconditionals="0" methods="3" coveredmethods="3"/>
      <line num="1" count="6" type="stmt"/>
      <line num="3" count="1" type="stmt"/>
      <line num="5" count="3" type="stmt"/>
      <line num="6" count="6" type="stmt"/>
      <line num="9" count="3" type="stmt"/>
      <line num="12" count="1" type="stmt"/>
    </file>
  </project>
</coverage>
