{"C:\\Users\\shiva\\Documents\\AA_PROJECTS\\AA_MERN\\nodeJS\\nodeJSRepository\\mathFour.js": {"path":"C:\\Users\\shiva\\Documents\\AA_PROJECTS\\AA_MERN\\nodeJS\\nodeJSRepository\\mathFour.js","statementMap":{"0":{"start":{"line":1,"column":13},"end":{"line":1,"column":17}},"1":{"start":{"line":3,"column":4},"end":{"line":3,"column":23}},"2":{"start":{"line":5,"column":4},"end":{"line":5,"column":18}},"3":{"start":{"line":8,"column":4},"end":{"line":8,"column":22}},"4":{"start":{"line":10,"column":4},"end":{"line":10,"column":18}},"5":{"start":{"line":13,"column":4},"end":{"line":13,"column":22}},"6":{"start":{"line":15,"column":4},"end":{"line":15,"column":18}},"7":{"start":{"line":18,"column":4},"end":{"line":18,"column":22}},"8":{"start":{"line":20,"column":4},"end":{"line":20,"column":18}},"9":{"start":{"line":23,"column":0},"end":{"line":23,"column":38}}},"fnMap":{"0":{"name":"add","decl":{"start":{"line":2,"column":9},"end":{"line":2,"column":12}},"loc":{"start":{"line":2,"column":25},"end":{"line":6,"column":1}},"line":2},"1":{"name":"mul","decl":{"start":{"line":7,"column":10},"end":{"line":7,"column":13}},"loc":{"start":{"line":7,"column":26},"end":{"line":11,"column":1}},"line":7},"2":{"name":"sub","decl":{"start":{"line":12,"column":9},"end":{"line":12,"column":12}},"loc":{"start":{"line":12,"column":25},"end":{"line":16,"column":1}},"line":12},"3":{"name":"div","decl":{"start":{"line":17,"column":9},"end":{"line":17,"column":12}},"loc":{"start":{"line":17,"column":25},"end":{"line":21,"column":1}},"line":17}},"branchMap":{},"s":{"0":1,"1":1,"2":1,"3":1,"4":1,"5":1,"6":1,"7":1,"8":1,"9":1},"f":{"0":1,"1":1,"2":1,"3":1},"b":{},"_coverageSchema":"1a1c01bbd47fc00a2c39e90264f33305004495a9","hash":"38f802a40fd44ac9a58416983a1edb0147538654"}
}
