{"C:\\Users\\shiva\\Documents\\AA_PROJECTS\\AA_MERN\\nodeJS\\nodeJSRepository\\eb_functionOpperations1.js": {"path":"C:\\Users\\shiva\\Documents\\AA_PROJECTS\\AA_MERN\\nodeJS\\nodeJSRepository\\eb_functionOpperations1.js","statementMap":{"0":{"start":{"line":4,"column":12},"end":{"line":4,"column":13}},"1":{"start":{"line":5,"column":1},"end":{"line":8,"column":2}},"2":{"start":{"line":6,"column":1},"end":{"line":6,"column":18}},"3":{"start":{"line":9,"column":1},"end":{"line":12,"column":2}},"4":{"start":{"line":10,"column":1},"end":{"line":10,"column":18}},"5":{"start":{"line":13,"column":1},"end":{"line":15,"column":2}},"6":{"start":{"line":14,"column":1},"end":{"line":14,"column":18}},"7":{"start":{"line":16,"column":1},"end":{"line":19,"column":2}},"8":{"start":{"line":17,"column":1},"end":{"line":17,"column":18}},"9":{"start":{"line":22,"column":1},"end":{"line":22,"column":59}},"10":{"start":{"line":26,"column":0},"end":{"line":26,"column":31}},"11":{"start":{"line":27,"column":0},"end":{"line":27,"column":28}},"12":{"start":{"line":29,"column":0},"end":{"line":29,"column":29}},"13":{"start":{"line":30,"column":0},"end":{"line":30,"column":31}},"14":{"start":{"line":34,"column":12},"end":{"line":34,"column":13}},"15":{"start":{"line":35,"column":1},"end":{"line":35,"column":23}},"16":{"start":{"line":39,"column":0},"end":{"line":39,"column":10}},"17":{"start":{"line":40,"column":0},"end":{"line":40,"column":25}},"18":{"start":{"line":45,"column":12},"end":{"line":45,"column":13}},"19":{"start":{"line":46,"column":1},"end":{"line":46,"column":55}},"20":{"start":{"line":50,"column":0},"end":{"line":50,"column":23}},"21":{"start":{"line":54,"column":12},"end":{"line":54,"column":13}},"22":{"start":{"line":55,"column":7},"end":{"line":55,"column":8}},"23":{"start":{"line":56,"column":1},"end":{"line":60,"column":2}},"24":{"start":{"line":57,"column":1},"end":{"line":57,"column":28}},"25":{"start":{"line":58,"column":1},"end":{"line":58,"column":53}},"26":{"start":{"line":59,"column":1},"end":{"line":59,"column":5}},"27":{"start":{"line":63,"column":0},"end":{"line":63,"column":22}},"28":{"start":{"line":69,"column":16},"end":{"line":69,"column":37}},"29":{"start":{"line":71,"column":16},"end":{"line":73,"column":3}},"30":{"start":{"line":72,"column":2},"end":{"line":72,"column":13}},"31":{"start":{"line":74,"column":1},"end":{"line":74,"column":41}},"32":{"start":{"line":75,"column":1},"end":{"line":75,"column":55}},"33":{"start":{"line":78,"column":0},"end":{"line":78,"column":33}},"34":{"start":{"line":81,"column":16},"end":{"line":81,"column":37}},"35":{"start":{"line":82,"column":16},"end":{"line":82,"column":18}},"36":{"start":{"line":83,"column":16},"end":{"line":83,"column":18}},"37":{"start":{"line":84,"column":12},"end":{"line":84,"column":13}},"38":{"start":{"line":85,"column":16},"end":{"line":87,"column":3}},"39":{"start":{"line":86,"column":2},"end":{"line":86,"column":13}},"40":{"start":{"line":89,"column":13},"end":{"line":89,"column":28}},"41":{"start":{"line":90,"column":1},"end":{"line":94,"column":2}},"42":{"start":{"line":91,"column":2},"end":{"line":91,"column":25}},"43":{"start":{"line":92,"column":2},"end":{"line":93,"column":20}},"44":{"start":{"line":93,"column":2},"end":{"line":93,"column":20}},"45":{"start":{"line":97,"column":1},"end":{"line":100,"column":2}},"46":{"start":{"line":98,"column":2},"end":{"line":98,"column":17}},"47":{"start":{"line":99,"column":2},"end":{"line":99,"column":20}},"48":{"start":{"line":101,"column":1},"end":{"line":101,"column":41}},"49":{"start":{"line":104,"column":0},"end":{"line":104,"column":38}}},"fnMap":{"0":{"name":"calculator","decl":{"start":{"line":3,"column":9},"end":{"line":3,"column":19}},"loc":{"start":{"line":3,"column":42},"end":{"line":23,"column":1}},"line":3},"1":{"name":"add","decl":{"start":{"line":33,"column":9},"end":{"line":33,"column":12}},"loc":{"start":{"line":33,"column":17},"end":{"line":37,"column":1}},"line":33},"2":{"name":"add2","decl":{"start":{"line":44,"column":9},"end":{"line":44,"column":13}},"loc":{"start":{"line":44,"column":15},"end":{"line":48,"column":1}},"line":44},"3":{"name":"add3","decl":{"start":{"line":53,"column":9},"end":{"line":53,"column":13}},"loc":{"start":{"line":53,"column":15},"end":{"line":61,"column":1}},"line":53},"4":{"name":"sortHighest","decl":{"start":{"line":68,"column":9},"end":{"line":68,"column":20}},"loc":{"start":{"line":68,"column":22},"end":{"line":76,"column":1}},"line":68},"5":{"name":"(anonymous_5)","decl":{"start":{"line":71,"column":28},"end":{"line":71,"column":29}},"loc":{"start":{"line":71,"column":36},"end":{"line":73,"column":2}},"line":71},"6":{"name":"sortFirstThree","decl":{"start":{"line":80,"column":9},"end":{"line":80,"column":23}},"loc":{"start":{"line":80,"column":25},"end":{"line":102,"column":1}},"line":80},"7":{"name":"(anonymous_7)","decl":{"start":{"line":85,"column":28},"end":{"line":85,"column":29}},"loc":{"start":{"line":85,"column":36},"end":{"line":87,"column":2}},"line":85}},"branchMap":{"0":{"loc":{"start":{"line":3,"column":32},"end":{"line":3,"column":41}},"type":"default-arg","locations":[{"start":{"line":3,"column":36},"end":{"line":3,"column":41}}],"line":3},"1":{"loc":{"start":{"line":5,"column":1},"end":{"line":8,"column":2}},"type":"if","locations":[{"start":{"line":5,"column":1},"end":{"line":8,"column":2}},{"start":{"line":5,"column":1},"end":{"line":8,"column":2}}],"line":5},"2":{"loc":{"start":{"line":9,"column":1},"end":{"line":12,"column":2}},"type":"if","locations":[{"start":{"line":9,"column":1},"end":{"line":12,"column":2}},{"start":{"line":9,"column":1},"end":{"line":12,"column":2}}],"line":9},"3":{"loc":{"start":{"line":13,"column":1},"end":{"line":15,"column":2}},"type":"if","locations":[{"start":{"line":13,"column":1},"end":{"line":15,"column":2}},{"start":{"line":13,"column":1},"end":{"line":15,"column":2}}],"line":13},"4":{"loc":{"start":{"line":16,"column":1},"end":{"line":19,"column":2}},"type":"if","locations":[{"start":{"line":16,"column":1},"end":{"line":19,"column":2}},{"start":{"line":16,"column":1},"end":{"line":19,"column":2}}],"line":16},"5":{"loc":{"start":{"line":92,"column":2},"end":{"line":93,"column":20}},"type":"if","locations":[{"start":{"line":92,"column":2},"end":{"line":93,"column":20}},{"start":{"line":92,"column":2},"end":{"line":93,"column":20}}],"line":92}},"s":{"0":4,"1":4,"2":1,"3":4,"4":1,"5":4,"6":1,"7":4,"8":1,"9":4,"10":1,"11":1,"12":1,"13":1,"14":2,"15":2,"16":1,"17":1,"18":1,"19":1,"20":1,"21":1,"22":1,"23":1,"24":6,"25":6,"26":6,"27":1,"28":1,"29":1,"30":11,"31":1,"32":1,"33":1,"34":1,"35":1,"36":1,"37":1,"38":1,"39":15,"40":1,"41":1,"42":9,"43":9,"44":5,"45":1,"46":3,"47":3,"48":1,"49":1},"f":{"0":4,"1":2,"2":1,"3":1,"4":1,"5":11,"6":1,"7":15},"b":{"0":[1],"1":[1,3],"2":[1,3],"3":[1,3],"4":[1,3],"5":[5,4]},"_coverageSchema":"1a1c01bbd47fc00a2c39e90264f33305004495a9","hash":"7475335ea0372e00d794147cb9e950b1dc390273"}
,"C:\\Users\\shiva\\Documents\\AA_PROJECTS\\AA_MERN\\nodeJS\\nodeJSRepository\\mathFour.js": {"path":"C:\\Users\\shiva\\Documents\\AA_PROJECTS\\AA_MERN\\nodeJS\\nodeJSRepository\\mathFour.js","statementMap":{"0":{"start":{"line":1,"column":13},"end":{"line":1,"column":17}},"1":{"start":{"line":3,"column":4},"end":{"line":3,"column":23}},"2":{"start":{"line":5,"column":4},"end":{"line":5,"column":18}},"3":{"start":{"line":8,"column":4},"end":{"line":8,"column":22}},"4":{"start":{"line":10,"column":4},"end":{"line":10,"column":18}},"5":{"start":{"line":13,"column":4},"end":{"line":13,"column":22}},"6":{"start":{"line":15,"column":4},"end":{"line":15,"column":18}},"7":{"start":{"line":18,"column":4},"end":{"line":18,"column":22}},"8":{"start":{"line":20,"column":4},"end":{"line":20,"column":18}},"9":{"start":{"line":23,"column":0},"end":{"line":23,"column":38}}},"fnMap":{"0":{"name":"add","decl":{"start":{"line":2,"column":9},"end":{"line":2,"column":12}},"loc":{"start":{"line":2,"column":25},"end":{"line":6,"column":1}},"line":2},"1":{"name":"mul","decl":{"start":{"line":7,"column":10},"end":{"line":7,"column":13}},"loc":{"start":{"line":7,"column":26},"end":{"line":11,"column":1}},"line":7},"2":{"name":"sub","decl":{"start":{"line":12,"column":9},"end":{"line":12,"column":12}},"loc":{"start":{"line":12,"column":25},"end":{"line":16,"column":1}},"line":12},"3":{"name":"div","decl":{"start":{"line":17,"column":9},"end":{"line":17,"column":12}},"loc":{"start":{"line":17,"column":25},"end":{"line":21,"column":1}},"line":17}},"branchMap":{},"s":{"0":2,"1":4,"2":4,"3":4,"4":4,"5":4,"6":4,"7":4,"8":4,"9":2},"f":{"0":4,"1":4,"2":4,"3":4},"b":{},"_coverageSchema":"1a1c01bbd47fc00a2c39e90264f33305004495a9","hash":"38f802a40fd44ac9a58416983a1edb0147538654"}
,"C:\\Users\\shiva\\Documents\\AA_PROJECTS\\AA_MERN\\nodeJS\\nodeJSRepository\\mathUtils.js": {"path":"C:\\Users\\shiva\\Documents\\AA_PROJECTS\\AA_MERN\\nodeJS\\nodeJSRepository\\mathUtils.js","statementMap":{"0":{"start":{"line":1,"column":12},"end":{"line":10,"column":1}},"1":{"start":{"line":3,"column":14},"end":{"line":3,"column":15}},"2":{"start":{"line":5,"column":4},"end":{"line":7,"column":7}},"3":{"start":{"line":6,"column":8},"end":{"line":6,"column":19}},"4":{"start":{"line":9,"column":4},"end":{"line":9,"column":15}},"5":{"start":{"line":12,"column":17},"end":{"line":15,"column":1}},"6":{"start":{"line":14,"column":4},"end":{"line":14,"column":49}},"7":{"start":{"line":14,"column":32},"end":{"line":14,"column":45}},"8":{"start":{"line":17,"column":17},"end":{"line":20,"column":1}},"9":{"start":{"line":19,"column":4},"end":{"line":19,"column":49}},"10":{"start":{"line":19,"column":32},"end":{"line":19,"column":45}},"11":{"start":{"line":22,"column":0},"end":{"line":22,"column":45}}},"fnMap":{"0":{"name":"(anonymous_0)","decl":{"start":{"line":1,"column":12},"end":{"line":1,"column":13}},"loc":{"start":{"line":1,"column":22},"end":{"line":10,"column":1}},"line":1},"1":{"name":"(anonymous_1)","decl":{"start":{"line":5,"column":17},"end":{"line":5,"column":18}},"loc":{"start":{"line":5,"column":26},"end":{"line":7,"column":5}},"line":5},"2":{"name":"(anonymous_2)","decl":{"start":{"line":12,"column":17},"end":{"line":12,"column":18}},"loc":{"start":{"line":12,"column":27},"end":{"line":15,"column":1}},"line":12},"3":{"name":"(anonymous_3)","decl":{"start":{"line":14,"column":23},"end":{"line":14,"column":24}},"loc":{"start":{"line":14,"column":30},"end":{"line":14,"column":47}},"line":14},"4":{"name":"(anonymous_4)","decl":{"start":{"line":17,"column":17},"end":{"line":17,"column":18}},"loc":{"start":{"line":17,"column":27},"end":{"line":20,"column":1}},"line":17},"5":{"name":"(anonymous_5)","decl":{"start":{"line":19,"column":23},"end":{"line":19,"column":24}},"loc":{"start":{"line":19,"column":30},"end":{"line":19,"column":47}},"line":19}},"branchMap":{},"s":{"0":2,"1":2,"2":2,"3":12,"4":2,"5":2,"6":2,"7":12,"8":2,"9":2,"10":12,"11":2},"f":{"0":2,"1":12,"2":2,"3":12,"4":2,"5":12},"b":{},"_coverageSchema":"1a1c01bbd47fc00a2c39e90264f33305004495a9","hash":"3fe521fffac97e9935b04bcdbe2c0a9626e7feaa"}
,"C:\\Users\\shiva\\Documents\\AA_PROJECTS\\AA_MERN\\nodeJS\\nodeJSRepository\\stringUtils.js": {"path":"C:\\Users\\shiva\\Documents\\AA_PROJECTS\\AA_MERN\\nodeJS\\nodeJSRepository\\stringUtils.js","statementMap":{"0":{"start":{"line":1,"column":21},"end":{"line":1,"column":78}},"1":{"start":{"line":1,"column":33},"end":{"line":1,"column":78}},"2":{"start":{"line":3,"column":18},"end":{"line":10,"column":1}},"3":{"start":{"line":5,"column":23},"end":{"line":7,"column":5}},"4":{"start":{"line":6,"column":8},"end":{"line":6,"column":67}},"5":{"start":{"line":9,"column":4},"end":{"line":9,"column":45}},"6":{"start":{"line":12,"column":0},"end":{"line":12,"column":43}}},"fnMap":{"0":{"name":"(anonymous_0)","decl":{"start":{"line":1,"column":21},"end":{"line":1,"column":22}},"loc":{"start":{"line":1,"column":33},"end":{"line":1,"column":78}},"line":1},"1":{"name":"(anonymous_1)","decl":{"start":{"line":3,"column":18},"end":{"line":3,"column":19}},"loc":{"start":{"line":3,"column":30},"end":{"line":10,"column":1}},"line":3},"2":{"name":"(anonymous_2)","decl":{"start":{"line":5,"column":23},"end":{"line":5,"column":24}},"loc":{"start":{"line":5,"column":33},"end":{"line":7,"column":5}},"line":5}},"branchMap":{},"s":{"0":1,"1":6,"2":1,"3":3,"4":6,"5":3,"6":1},"f":{"0":6,"1":3,"2":6},"b":{},"_coverageSchema":"1a1c01bbd47fc00a2c39e90264f33305004495a9","hash":"c4d7fac729617dd62b6054ab9ddbd3fb77f85c43"}
,"C:\\Users\\shiva\\Documents\\AA_PROJECTS\\AA_MERN\\nodeJS\\nodeJSRepository\\users.js": {"path":"C:\\Users\\shiva\\Documents\\AA_PROJECTS\\AA_MERN\\nodeJS\\nodeJSRepository\\users.js","statementMap":{"0":{"start":{"line":1,"column":14},"end":{"line":1,"column":30}},"1":{"start":{"line":6,"column":18},"end":{"line":6,"column":64}},"2":{"start":{"line":7,"column":8},"end":{"line":7,"column":19}},"3":{"start":{"line":11,"column":0},"end":{"line":11,"column":23}}},"fnMap":{"0":{"name":"(anonymous_0)","decl":{"start":{"line":5,"column":5},"end":{"line":5,"column":6}},"loc":{"start":{"line":5,"column":24},"end":{"line":8,"column":7}},"line":5}},"branchMap":{},"s":{"0":1,"1":1,"2":1,"3":1},"f":{"0":1},"b":{},"_coverageSchema":"1a1c01bbd47fc00a2c39e90264f33305004495a9","hash":"2ad83f681ad3fc4ea676023b063249e66dbc7137"}
}
