TN:
SF:mathFour.js
FN:2,add
FN:7,mul
FN:12,sub
FN:17,div
FNF:4
FNH:4
FNDA:4,add
FNDA:4,mul
FNDA:4,sub
FNDA:4,div
DA:1,2
DA:3,4
DA:5,4
DA:8,4
DA:10,4
DA:13,4
DA:15,4
DA:18,4
DA:20,4
DA:23,2
LF:10
LH:10
BRF:0
BRH:0
end_of_record
TN:
SF:mathUtils.js
FN:1,(anonymous_0)
FN:5,(anonymous_1)
FN:12,(anonymous_2)
FN:14,(anonymous_3)
FN:17,(anonymous_4)
FN:19,(anonymous_5)
FNF:6
FNH:6
FNDA:2,(anonymous_0)
FNDA:12,(anonymous_1)
FNDA:2,(anonymous_2)
FNDA:12,(anonymous_3)
FNDA:2,(anonymous_4)
FNDA:12,(anonymous_5)
DA:1,2
DA:3,2
DA:5,2
DA:6,12
DA:9,2
DA:12,2
DA:14,12
DA:17,2
DA:19,12
DA:22,2
LF:10
LH:10
BRF:0
BRH:0
end_of_record
TN:
SF:stringUtils.js
FN:1,(anonymous_0)
FN:3,(anonymous_1)
FN:5,(anonymous_2)
FNF:3
FNH:3
FNDA:6,(anonymous_0)
FNDA:3,(anonymous_1)
FNDA:6,(anonymous_2)
DA:1,6
DA:3,1
DA:5,3
DA:6,6
DA:9,3
DA:12,1
LF:6
LH:6
BRF:0
BRH:0
end_of_record
