TN:
SF:eb_functionOpperations1.js
FN:3,calculator
FN:33,add
FN:44,add2
FN:53,add3
FN:68,sortHighest
FN:71,(anonymous_5)
FN:80,sortFirstThree
FN:85,(anonymous_7)
FNF:8
FNH:8
FNDA:4,calculator
FNDA:2,add
FNDA:1,add2
FNDA:1,add3
FNDA:1,sortHighest
FNDA:11,(anonymous_5)
FNDA:1,sortFirstThree
FNDA:15,(anonymous_7)
DA:4,4
DA:5,4
DA:6,1
DA:9,4
DA:10,1
DA:13,4
DA:14,1
DA:16,4
DA:17,1
DA:22,4
DA:26,1
DA:27,1
DA:29,1
DA:30,1
DA:34,2
DA:35,2
DA:39,1
DA:40,1
DA:45,1
DA:46,1
DA:50,1
DA:54,1
DA:55,1
DA:56,1
DA:57,6
DA:58,6
DA:59,6
DA:63,1
DA:69,1
DA:71,1
DA:72,11
DA:74,1
DA:75,1
DA:78,1
DA:81,1
DA:82,1
DA:83,1
DA:84,1
DA:85,1
DA:86,15
DA:89,1
DA:90,1
DA:91,9
DA:92,9
DA:93,5
DA:97,1
DA:98,3
DA:99,3
DA:101,1
DA:104,1
LF:50
LH:50
BRDA:3,0,0,1
BRDA:5,1,0,1
BRDA:5,1,1,3
BRDA:9,2,0,1
BRDA:9,2,1,3
BRDA:13,3,0,1
BRDA:13,3,1,3
BRDA:16,4,0,1
BRDA:16,4,1,3
BRDA:92,5,0,5
BRDA:92,5,1,4
BRF:11
BRH:11
end_of_record
TN:
SF:mathFour.js
FN:2,add
FN:7,mul
FN:12,sub
FN:17,div
FNF:4
FNH:4
FNDA:4,add
FNDA:4,mul
FNDA:4,sub
FNDA:4,div
DA:1,2
DA:3,4
DA:5,4
DA:8,4
DA:10,4
DA:13,4
DA:15,4
DA:18,4
DA:20,4
DA:23,2
LF:10
LH:10
BRF:0
BRH:0
end_of_record
TN:
SF:mathUtils.js
FN:1,(anonymous_0)
FN:5,(anonymous_1)
FN:12,(anonymous_2)
FN:14,(anonymous_3)
FN:17,(anonymous_4)
FN:19,(anonymous_5)
FNF:6
FNH:6
FNDA:2,(anonymous_0)
FNDA:12,(anonymous_1)
FNDA:2,(anonymous_2)
FNDA:12,(anonymous_3)
FNDA:2,(anonymous_4)
FNDA:12,(anonymous_5)
DA:1,2
DA:3,2
DA:5,2
DA:6,12
DA:9,2
DA:12,2
DA:14,12
DA:17,2
DA:19,12
DA:22,2
LF:10
LH:10
BRF:0
BRH:0
end_of_record
TN:
SF:stringUtils.js
FN:1,(anonymous_0)
FN:3,(anonymous_1)
FN:5,(anonymous_2)
FNF:3
FNH:3
FNDA:6,(anonymous_0)
FNDA:3,(anonymous_1)
FNDA:6,(anonymous_2)
DA:1,6
DA:3,1
DA:5,3
DA:6,6
DA:9,3
DA:12,1
LF:6
LH:6
BRF:0
BRH:0
end_of_record
TN:
SF:users.js
FN:5,(anonymous_0)
FNF:1
FNH:1
FNDA:1,(anonymous_0)
DA:1,1
DA:6,1
DA:7,1
DA:11,1
LF:4
LH:4
BRF:0
BRH:0
end_of_record
